Release 14.7 - xst P.20131013 (nt64)
Copyright (c) 1995-2013 Xilinx, Inc.  All rights reserved.
--> Parameter TMPDIR set to xst/projnav.tmp


Total REAL time to Xst completion: 0.00 secs
Total CPU time to Xst completion: 0.22 secs
 
--> Parameter xsthdpdir set to xst


Total REAL time to Xst completion: 0.00 secs
Total CPU time to Xst completion: 0.22 secs
 
--> Reading design: SchemeModel.prj

TABLE OF CONTENTS
  1) Synthesis Options Summary
  2) HDL Compilation
  3) Design Hierarchy Analysis
  4) HDL Analysis
  5) HDL Synthesis
     5.1) HDL Synthesis Report
  6) Advanced HDL Synthesis
     6.1) Advanced HDL Synthesis Report
  7) Low Level Synthesis
  8) Partition Report
  9) Final Report
	9.1) Device utilization summary
	9.2) Partition Resource Summary
	9.3) TIMING REPORT


=========================================================================
*                      Synthesis Options Summary                        *
=========================================================================
---- Source Parameters
Input File Name                    : "SchemeModel.prj"
Input Format                       : mixed
Ignore Synthesis Constraint File   : NO

---- Target Parameters
Output File Name                   : "SchemeModel"
Output Format                      : NGC
Target Device                      : xc3s50-5-pq208

---- Source Options
Top Module Name                    : SchemeModel
Automatic FSM Extraction           : YES
FSM Encoding Algorithm             : Auto
Safe Implementation                : No
FSM Style                          : LUT
RAM Extraction                     : Yes
RAM Style                          : Auto
ROM Extraction                     : Yes
Mux Style                          : Auto
Decoder Extraction                 : YES
Priority Encoder Extraction        : Yes
Shift Register Extraction          : YES
Logical Shifter Extraction         : YES
XOR Collapsing                     : YES
ROM Style                          : Auto
Mux Extraction                     : Yes
Resource Sharing                   : YES
Asynchronous To Synchronous        : NO
Multiplier Style                   : Auto
Automatic Register Balancing       : No

---- Target Options
Add IO Buffers                     : YES
Global Maximum Fanout              : 100000
Add Generic Clock Buffer(BUFG)     : 8
Register Duplication               : YES
Slice Packing                      : YES
Optimize Instantiated Primitives   : NO
Use Clock Enable                   : Yes
Use Synchronous Set                : Yes
Use Synchronous Reset              : Yes
Pack IO Registers into IOBs        : Auto
Equivalent register Removal        : YES

---- General Options
Optimization Goal                  : Speed
Optimization Effort                : 1
Keep Hierarchy                     : No
Netlist Hierarchy                  : As_Optimized
RTL Output                         : Yes
Global Optimization                : AllClockNets
Read Cores                         : YES
Write Timing Constraints           : NO
Cross Clock Analysis               : NO
Hierarchy Separator                : /
Bus Delimiter                      : <>
Case Specifier                     : Maintain
Slice Utilization Ratio            : 100
BRAM Utilization Ratio             : 100
Verilog 2001                       : YES
Auto BRAM Packing                  : NO
Slice Utilization Ratio Delta      : 5

=========================================================================


=========================================================================
*                          HDL Compilation                              *
=========================================================================
Compiling vhdl file "C:/Users/vadim/Documents/University/pcsyaoa/lab2/lib/one_file.vhd" in Library work.
Architecture n_arch of Entity n is up to date.
Architecture na3_arch of Entity na3 is up to date.
Architecture na3o2_arch of Entity na3o2 is up to date.
Architecture nao3_arch of Entity nao3 is up to date.
Architecture naoa2_arch of Entity naoa2 is up to date.
Architecture nex2_arch of Entity nex2 is up to date.
Architecture no2_arch of Entity no2 is up to date.
Architecture no4_arch of Entity no4 is up to date.
Architecture noao2_arch of Entity noao2 is up to date.
Architecture schemearch of Entity schememodel is up to date.

=========================================================================
*                     Design Hierarchy Analysis                         *
=========================================================================
Analyzing hierarchy for entity <SchemeModel> in library <work> (architecture <schemearch>).

Analyzing hierarchy for entity <NEX2> in library <work> (architecture <nex2_arch>).

Analyzing hierarchy for entity <N> in library <work> (architecture <n_arch>).

Analyzing hierarchy for entity <NA3> in library <work> (architecture <na3_arch>).

Analyzing hierarchy for entity <NA3O2> in library <work> (architecture <na3o2_arch>).

Analyzing hierarchy for entity <NOAO2> in library <work> (architecture <noao2_arch>).

Analyzing hierarchy for entity <NO2> in library <work> (architecture <no2_arch>).

Analyzing hierarchy for entity <NAOA2> in library <work> (architecture <naoa2_arch>).

Analyzing hierarchy for entity <NAO3> in library <work> (architecture <nao3_arch>).

Analyzing hierarchy for entity <NO4> in library <work> (architecture <no4_arch>).


=========================================================================
*                            HDL Analysis                               *
=========================================================================
Analyzing Entity <SchemeModel> in library <work> (Architecture <schemearch>).
Entity <SchemeModel> analyzed. Unit <SchemeModel> generated.

Analyzing Entity <NEX2> in library <work> (Architecture <nex2_arch>).
Entity <NEX2> analyzed. Unit <NEX2> generated.

Analyzing Entity <N> in library <work> (Architecture <n_arch>).
Entity <N> analyzed. Unit <N> generated.

Analyzing Entity <NA3> in library <work> (Architecture <na3_arch>).
Entity <NA3> analyzed. Unit <NA3> generated.

Analyzing Entity <NA3O2> in library <work> (Architecture <na3o2_arch>).
Entity <NA3O2> analyzed. Unit <NA3O2> generated.

Analyzing Entity <NOAO2> in library <work> (Architecture <noao2_arch>).
Entity <NOAO2> analyzed. Unit <NOAO2> generated.

Analyzing Entity <NO2> in library <work> (Architecture <no2_arch>).
Entity <NO2> analyzed. Unit <NO2> generated.

Analyzing Entity <NAOA2> in library <work> (Architecture <naoa2_arch>).
Entity <NAOA2> analyzed. Unit <NAOA2> generated.

Analyzing Entity <NAO3> in library <work> (Architecture <nao3_arch>).
Entity <NAO3> analyzed. Unit <NAO3> generated.

Analyzing Entity <NO4> in library <work> (Architecture <no4_arch>).
Entity <NO4> analyzed. Unit <NO4> generated.


=========================================================================
*                           HDL Synthesis                               *
=========================================================================

Performing bidirectional port resolution...

Synthesizing Unit <NEX2>.
    Related source file is "C:/Users/vadim/Documents/University/pcsyaoa/lab2/lib/one_file.vhd".
Unit <NEX2> synthesized.


Synthesizing Unit <N>.
    Related source file is "C:/Users/vadim/Documents/University/pcsyaoa/lab2/lib/one_file.vhd".
Unit <N> synthesized.


Synthesizing Unit <NA3>.
    Related source file is "C:/Users/vadim/Documents/University/pcsyaoa/lab2/lib/one_file.vhd".
Unit <NA3> synthesized.


Synthesizing Unit <NA3O2>.
    Related source file is "C:/Users/vadim/Documents/University/pcsyaoa/lab2/lib/one_file.vhd".
Unit <NA3O2> synthesized.


Synthesizing Unit <NOAO2>.
    Related source file is "C:/Users/vadim/Documents/University/pcsyaoa/lab2/lib/one_file.vhd".
Unit <NOAO2> synthesized.


Synthesizing Unit <NO2>.
    Related source file is "C:/Users/vadim/Documents/University/pcsyaoa/lab2/lib/one_file.vhd".
Unit <NO2> synthesized.


Synthesizing Unit <NAOA2>.
    Related source file is "C:/Users/vadim/Documents/University/pcsyaoa/lab2/lib/one_file.vhd".
Unit <NAOA2> synthesized.


Synthesizing Unit <NAO3>.
    Related source file is "C:/Users/vadim/Documents/University/pcsyaoa/lab2/lib/one_file.vhd".
Unit <NAO3> synthesized.


Synthesizing Unit <NO4>.
    Related source file is "C:/Users/vadim/Documents/University/pcsyaoa/lab2/lib/one_file.vhd".
Unit <NO4> synthesized.


Synthesizing Unit <SchemeModel>.
    Related source file is "C:/Users/vadim/Documents/University/pcsyaoa/lab2/lib/one_file.vhd".
Unit <SchemeModel> synthesized.


=========================================================================
HDL Synthesis Report

Found no macro
=========================================================================

=========================================================================
*                       Advanced HDL Synthesis                          *
=========================================================================


=========================================================================
Advanced HDL Synthesis Report

Found no macro
=========================================================================

=========================================================================
*                         Low Level Synthesis                           *
=========================================================================
WARNING:Xst:1989 - Unit <SchemeModel>: instances <Inv_21>, <Inv_31> of unit <N> are equivalent, second instance is removed
WARNING:Xst:1989 - Unit <SchemeModel>: instances <Inv_22>, <Inv_32> of unit <N> are equivalent, second instance is removed

Optimizing unit <SchemeModel> ...

Mapping all equations...
Building and optimizing final netlist ...
Found area constraint ratio of 100 (+ 5) on block SchemeModel, actual ratio is 0.

Final Macro Processing ...

=========================================================================
Final Register Report

Found no macro
=========================================================================

=========================================================================
*                           Partition Report                            *
=========================================================================

Partition Implementation Status
-------------------------------

  No Partitions were found in this design.

-------------------------------

=========================================================================
*                            Final Report                               *
=========================================================================
Final Results
RTL Top Level Output File Name     : SchemeModel.ngr
Top Level Output File Name         : SchemeModel
Output Format                      : NGC
Optimization Goal                  : Speed
Keep Hierarchy                     : No

Design Statistics
# IOs                              : 8

Cell Usage :
# BELS                             : 4
#      LUT4                        : 4
# IO Buffers                       : 8
#      IBUF                        : 4
#      OBUF                        : 4
=========================================================================

Device utilization summary:
---------------------------

Selected Device : 3s50pq208-5 

 Number of Slices:                        2  out of    768     0%  
 Number of 4 input LUTs:                  4  out of   1536     0%  
 Number of IOs:                           8
 Number of bonded IOBs:                   8  out of    124     6%  

---------------------------
Partition Resource Summary:
---------------------------

  No Partitions were found in this design.

---------------------------


=========================================================================
TIMING REPORT

NOTE: THESE TIMING NUMBERS ARE ONLY A SYNTHESIS ESTIMATE.
      FOR ACCURATE TIMING INFORMATION PLEASE REFER TO THE TRACE REPORT
      GENERATED AFTER PLACE-and-ROUTE.

Clock Information:
------------------
No clock signals found in this design

Asynchronous Control Signals Information:
----------------------------------------
No asynchronous control signals found in this design

Timing Summary:
---------------
Speed Grade: -5

   Minimum period: No path found
   Minimum input arrival time before clock: No path found
   Maximum output required time after clock: No path found
   Maximum combinational path delay: 7.858ns

Timing Detail:
--------------
All values displayed in nanoseconds (ns)

=========================================================================
Timing constraint: Default path analysis
  Total number of paths / destination ports: 16 / 4
-------------------------------------------------------------------------
Delay:               7.858ns (Levels of Logic = 3)
  Source:            x<0> (PAD)
  Destination:       y<0> (PAD)

  Data Path: x<0> to y<0>
                                Gate     Net
    Cell:in->out      fanout   Delay   Delay  Logical Name (Net Name)
    ----------------------------------------  ------------
     IBUF:I->O             4   0.715   1.074  x_0_IBUF (x_0_IBUF)
     LUT4:I0->O            1   0.479   0.681  Noao2_31/y1 (y_1_OBUF)
     OBUF:I->O                 4.909          y_1_OBUF (y<1>)
    ----------------------------------------
    Total                      7.858ns (6.103ns logic, 1.755ns route)
                                       (77.7% logic, 22.3% route)

=========================================================================


Total REAL time to Xst completion: 5.00 secs
Total CPU time to Xst completion: 5.08 secs
 
--> 

Total memory usage is 4521900 kilobytes

Number of errors   :    0 (   0 filtered)
Number of warnings :    2 (   0 filtered)
Number of infos    :    0 (   0 filtered)

