Release 14.7 - xst P.20131013 (nt64)
Copyright (c) 1995-2013 Xilinx, Inc.  All rights reserved.
--> Parameter TMPDIR set to xst/projnav.tmp


Total REAL time to Xst completion: 0.00 secs
Total CPU time to Xst completion: 0.10 secs
 
--> Parameter xsthdpdir set to xst


Total REAL time to Xst completion: 0.00 secs
Total CPU time to Xst completion: 0.10 secs
 
--> Reading design: Mealy.prj

TABLE OF CONTENTS
  1) Synthesis Options Summary
  2) HDL Compilation
  3) Design Hierarchy Analysis
  4) HDL Analysis
  5) HDL Synthesis
     5.1) HDL Synthesis Report
  6) Advanced HDL Synthesis
     6.1) Advanced HDL Synthesis Report
  7) Low Level Synthesis
  8) Partition Report
  9) Final Report
	9.1) Device utilization summary
	9.2) Partition Resource Summary
	9.3) TIMING REPORT


=========================================================================
*                      Synthesis Options Summary                        *
=========================================================================
---- Source Parameters
Input File Name                    : "Mealy.prj"
Input Format                       : mixed
Ignore Synthesis Constraint File   : NO

---- Target Parameters
Output File Name                   : "Mealy"
Output Format                      : NGC
Target Device                      : xc3s50-5-pq208

---- Source Options
Top Module Name                    : Mealy
Automatic FSM Extraction           : YES
FSM Encoding Algorithm             : Auto
Safe Implementation                : No
FSM Style                          : LUT
RAM Extraction                     : Yes
RAM Style                          : Auto
ROM Extraction                     : Yes
Mux Style                          : Auto
Decoder Extraction                 : YES
Priority Encoder Extraction        : Yes
Shift Register Extraction          : YES
Logical Shifter Extraction         : YES
XOR Collapsing                     : YES
ROM Style                          : Auto
Mux Extraction                     : Yes
Resource Sharing                   : YES
Asynchronous To Synchronous        : NO
Multiplier Style                   : Auto
Automatic Register Balancing       : No

---- Target Options
Add IO Buffers                     : YES
Global Maximum Fanout              : 500
Add Generic Clock Buffer(BUFG)     : 8
Register Duplication               : YES
Slice Packing                      : YES
Optimize Instantiated Primitives   : NO
Use Clock Enable                   : Yes
Use Synchronous Set                : Yes
Use Synchronous Reset              : Yes
Pack IO Registers into IOBs        : Auto
Equivalent register Removal        : YES

---- General Options
Optimization Goal                  : Speed
Optimization Effort                : 1
Keep Hierarchy                     : No
Netlist Hierarchy                  : As_Optimized
RTL Output                         : Yes
Global Optimization                : AllClockNets
Read Cores                         : YES
Write Timing Constraints           : NO
Cross Clock Analysis               : NO
Hierarchy Separator                : /
Bus Delimiter                      : <>
Case Specifier                     : Maintain
Slice Utilization Ratio            : 100
BRAM Utilization Ratio             : 100
Verilog 2001                       : YES
Auto BRAM Packing                  : NO
Slice Utilization Ratio Delta      : 5

=========================================================================


=========================================================================
*                          HDL Compilation                              *
=========================================================================
Compiling vhdl file "C:/Users/vadim/Documents/University/pcsyaoa/lab4/lib2/mealy.vhd" in Library work.
Entity <Mealy> compiled.
Entity <Mealy> (Architecture <rtl>) compiled.

=========================================================================
*                     Design Hierarchy Analysis                         *
=========================================================================
Analyzing hierarchy for entity <Mealy> in library <work> (architecture <rtl>).


=========================================================================
*                            HDL Analysis                               *
=========================================================================
Analyzing Entity <Mealy> in library <work> (Architecture <rtl>).
Entity <Mealy> analyzed. Unit <Mealy> generated.


=========================================================================
*                           HDL Synthesis                               *
=========================================================================

Performing bidirectional port resolution...

Synthesizing Unit <Mealy>.
    Related source file is "C:/Users/vadim/Documents/University/pcsyaoa/lab4/lib2/mealy.vhd".
WARNING:Xst:646 - Signal <stateBin> is assigned but never used. This unconnected signal will be trimmed during the optimization process.
WARNING:Xst:737 - Found 4-bit latch for signal <NEXT_state>. Latches may be generated from incomplete case or if statements. We do not recommend the use of latches in FPGA/CPLD designs, as they may lead to timing problems.
WARNING:Xst:737 - Found 3-bit latch for signal <y>. Latches may be generated from incomplete case or if statements. We do not recommend the use of latches in FPGA/CPLD designs, as they may lead to timing problems.
    Using one-hot encoding for signal <state>.
    Found 4-bit register for signal <state>.
Unit <Mealy> synthesized.


=========================================================================
HDL Synthesis Report

Macro Statistics
# Registers                                            : 1
 4-bit register                                        : 1
# Latches                                              : 2
 3-bit latch                                           : 1
 4-bit latch                                           : 1

=========================================================================

=========================================================================
*                       Advanced HDL Synthesis                          *
=========================================================================


=========================================================================
Advanced HDL Synthesis Report

Macro Statistics
# Registers                                            : 4
 Flip-Flops                                            : 4
# Latches                                              : 2
 3-bit latch                                           : 1
 4-bit latch                                           : 1

=========================================================================

=========================================================================
*                         Low Level Synthesis                           *
=========================================================================

Optimizing unit <Mealy> ...

Mapping all equations...
Building and optimizing final netlist ...
Found area constraint ratio of 100 (+ 5) on block Mealy, actual ratio is 1.

Final Macro Processing ...

=========================================================================
Final Register Report

Macro Statistics
# Registers                                            : 4
 Flip-Flops                                            : 4

=========================================================================

=========================================================================
*                           Partition Report                            *
=========================================================================

Partition Implementation Status
-------------------------------

  No Partitions were found in this design.

-------------------------------

=========================================================================
*                            Final Report                               *
=========================================================================
Final Results
RTL Top Level Output File Name     : Mealy.ngr
Top Level Output File Name         : Mealy
Output Format                      : NGC
Optimization Goal                  : Speed
Keep Hierarchy                     : No

Design Statistics
# IOs                              : 7

Cell Usage :
# BELS                             : 17
#      GND                         : 1
#      LUT2                        : 2
#      LUT3                        : 2
#      LUT4                        : 9
#      MUXF5                       : 3
# FlipFlops/Latches                : 11
#      FDC                         : 3
#      FDP                         : 1
#      LD_1                        : 7
# Clock Buffers                    : 1
#      BUFGP                       : 1
# IO Buffers                       : 6
#      IBUF                        : 3
#      OBUF                        : 3
=========================================================================

Device utilization summary:
---------------------------

Selected Device : 3s50pq208-5 

 Number of Slices:                        8  out of    768     1%  
 Number of Slice Flip Flops:             11  out of   1536     0%  
 Number of 4 input LUTs:                 13  out of   1536     0%  
 Number of IOs:                           7
 Number of bonded IOBs:                   7  out of    124     5%  
 Number of GCLKs:                         1  out of      8    12%  

---------------------------
Partition Resource Summary:
---------------------------

  No Partitions were found in this design.

---------------------------


=========================================================================
TIMING REPORT

NOTE: THESE TIMING NUMBERS ARE ONLY A SYNTHESIS ESTIMATE.
      FOR ACCURATE TIMING INFORMATION PLEASE REFER TO THE TRACE REPORT
      GENERATED AFTER PLACE-and-ROUTE.

Clock Information:
------------------
------------------------------------+------------------------+-------+
Clock Signal                        | Clock buffer(FF name)  | Load  |
------------------------------------+------------------------+-------+
clk                                 | BUFGP                  | 4     |
NEXT_state_and0000(y_mux0001<0>21:O)| NONE(*)(y_0)           | 7     |
------------------------------------+------------------------+-------+
(*) This 1 clock signal(s) are generated by combinatorial logic,
and XST is not able to identify which are the primary clock signals.
Please use the CLOCK_SIGNAL constraint to specify the clock signal(s) generated by combinatorial logic.
INFO:Xst:2169 - HDL ADVISOR - Some clock signals were not automatically buffered by XST with BUFG/BUFR resources. Please use the buffer_type constraint in order to insert these buffers to the clock signals to help prevent skew problems.

Asynchronous Control Signals Information:
----------------------------------------
-----------------------------------+------------------------+-------+
Control Signal                     | Buffer(FF name)        | Load  |
-----------------------------------+------------------------+-------+
rst                                | IBUF                   | 4     |
-----------------------------------+------------------------+-------+

Timing Summary:
---------------
Speed Grade: -5

   Minimum period: 2.012ns (Maximum Frequency: 496.907MHz)
   Minimum input arrival time before clock: 4.126ns
   Maximum output required time after clock: 6.205ns
   Maximum combinational path delay: No path found

Timing Detail:
--------------
All values displayed in nanoseconds (ns)

=========================================================================
Timing constraint: Default period analysis for Clock 'NEXT_state_and0000'
  Clock period: 2.012ns (frequency: 496.907MHz)
  Total number of paths / destination ports: 3 / 3
-------------------------------------------------------------------------
Delay:               2.012ns (Levels of Logic = 1)
  Source:            y_1 (LATCH)
  Destination:       y_1 (LATCH)
  Source Clock:      NEXT_state_and0000 rising
  Destination Clock: NEXT_state_and0000 rising

  Data Path: y_1 to y_1
                                Gate     Net
    Cell:in->out      fanout   Delay   Delay  Logical Name (Net Name)
    ----------------------------------------  ------------
     LD_1:G->Q             2   0.551   0.745  y_1 (y_1)
     MUXF5:S->O            1   0.540   0.000  y_mux0001<1>20 (y_mux0001<1>)
     LD_1:D                    0.176          y_1
    ----------------------------------------
    Total                      2.012ns (1.267ns logic, 0.745ns route)
                                       (63.0% logic, 37.0% route)

=========================================================================
Timing constraint: Default OFFSET IN BEFORE for Clock 'NEXT_state_and0000'
  Total number of paths / destination ports: 20 / 7
-------------------------------------------------------------------------
Offset:              4.126ns (Levels of Logic = 4)
  Source:            X<2> (PAD)
  Destination:       y_1 (LATCH)
  Destination Clock: NEXT_state_and0000 rising

  Data Path: X<2> to y_1
                                Gate     Net
    Cell:in->out      fanout   Delay   Delay  Logical Name (Net Name)
    ----------------------------------------  ------------
     IBUF:I->O            10   0.715   1.259  X_2_IBUF (X_2_IBUF)
     LUT4:I0->O            1   0.479   0.704  y_mux0001<1>5_SW1_F (N21)
     LUT4:I3->O            1   0.479   0.000  y_mux0001<1>20_G (N24)
     MUXF5:I1->O           1   0.314   0.000  y_mux0001<1>20 (y_mux0001<1>)
     LD_1:D                    0.176          y_1
    ----------------------------------------
    Total                      4.126ns (2.163ns logic, 1.963ns route)
                                       (52.4% logic, 47.6% route)

=========================================================================
Timing constraint: Default OFFSET OUT AFTER for Clock 'NEXT_state_and0000'
  Total number of paths / destination ports: 3 / 3
-------------------------------------------------------------------------
Offset:              6.205ns (Levels of Logic = 1)
  Source:            y_2 (LATCH)
  Destination:       y<1> (PAD)
  Source Clock:      NEXT_state_and0000 rising

  Data Path: y_2 to y<1>
                                Gate     Net
    Cell:in->out      fanout   Delay   Delay  Logical Name (Net Name)
    ----------------------------------------  ------------
     LD_1:G->Q             2   0.551   0.745  y_2 (y_2)
     OBUF:I->O                 4.909          y_1_OBUF (y<1>)
    ----------------------------------------
    Total                      6.205ns (5.460ns logic, 0.745ns route)
                                       (88.0% logic, 12.0% route)

=========================================================================


Total REAL time to Xst completion: 5.00 secs
Total CPU time to Xst completion: 4.62 secs
 
--> 

Total memory usage is 4521916 kilobytes

Number of errors   :    0 (   0 filtered)
Number of warnings :    3 (   0 filtered)
Number of infos    :    1 (   0 filtered)

