Release 14.7 - xst P.20131013 (nt64)
Copyright (c) 1995-2013 Xilinx, Inc.  All rights reserved.
--> Parameter TMPDIR set to xst/projnav.tmp


Total REAL time to Xst completion: 1.00 secs
Total CPU time to Xst completion: 0.10 secs
 
--> Parameter xsthdpdir set to xst


Total REAL time to Xst completion: 1.00 secs
Total CPU time to Xst completion: 0.10 secs
 
--> Reading design: TriggerScheme.prj

TABLE OF CONTENTS
  1) Synthesis Options Summary
  2) HDL Compilation
  3) Design Hierarchy Analysis
  4) HDL Analysis
  5) HDL Synthesis
     5.1) HDL Synthesis Report
  6) Advanced HDL Synthesis
     6.1) Advanced HDL Synthesis Report
  7) Low Level Synthesis
  8) Partition Report
  9) Final Report
	9.1) Device utilization summary
	9.2) Partition Resource Summary
	9.3) TIMING REPORT


=========================================================================
*                      Synthesis Options Summary                        *
=========================================================================
---- Source Parameters
Input File Name                    : "TriggerScheme.prj"
Input Format                       : mixed
Ignore Synthesis Constraint File   : NO

---- Target Parameters
Output File Name                   : "TriggerScheme"
Output Format                      : NGC
Target Device                      : xc3s50-5-pq208

---- Source Options
Top Module Name                    : TriggerScheme
Automatic FSM Extraction           : YES
FSM Encoding Algorithm             : Auto
Safe Implementation                : No
FSM Style                          : LUT
RAM Extraction                     : Yes
RAM Style                          : Auto
ROM Extraction                     : Yes
Mux Style                          : Auto
Decoder Extraction                 : YES
Priority Encoder Extraction        : Yes
Shift Register Extraction          : YES
Logical Shifter Extraction         : YES
XOR Collapsing                     : YES
ROM Style                          : Auto
Mux Extraction                     : Yes
Resource Sharing                   : YES
Asynchronous To Synchronous        : NO
Multiplier Style                   : Auto
Automatic Register Balancing       : No

---- Target Options
Add IO Buffers                     : YES
Global Maximum Fanout              : 100000
Add Generic Clock Buffer(BUFG)     : 8
Register Duplication               : YES
Slice Packing                      : YES
Optimize Instantiated Primitives   : NO
Use Clock Enable                   : Yes
Use Synchronous Set                : Yes
Use Synchronous Reset              : Yes
Pack IO Registers into IOBs        : Auto
Equivalent register Removal        : YES

---- General Options
Optimization Goal                  : Speed
Optimization Effort                : 1
Keep Hierarchy                     : No
Netlist Hierarchy                  : As_Optimized
RTL Output                         : Yes
Global Optimization                : AllClockNets
Read Cores                         : YES
Write Timing Constraints           : NO
Cross Clock Analysis               : NO
Hierarchy Separator                : /
Bus Delimiter                      : <>
Case Specifier                     : Maintain
Slice Utilization Ratio            : 100
BRAM Utilization Ratio             : 100
Verilog 2001                       : YES
Auto BRAM Packing                  : NO
Slice Utilization Ratio Delta      : 5

=========================================================================


=========================================================================
*                          HDL Compilation                              *
=========================================================================
Compiling vhdl file "C:/Users/vadim/Documents/University/pcsyaoa/lab4/trigger/lib/one_file.vhd" in Library work.
Entity <N> compiled.
Entity <N> (Architecture <N_arch>) compiled.
Entity <NAO> compiled.
Entity <NAO> (Architecture <NAO_arch>) compiled.
Entity <NOAA> compiled.
Entity <NOAA> (Architecture <NOAA_arch>) compiled.
Entity <TriggerScheme> compiled.
Entity <TriggerScheme> (Architecture <SchemeArch>) compiled.

=========================================================================
*                     Design Hierarchy Analysis                         *
=========================================================================
Analyzing hierarchy for entity <TriggerScheme> in library <work> (architecture <SchemeArch>).

Analyzing hierarchy for entity <NOAA> in library <work> (architecture <NOAA_arch>).

Analyzing hierarchy for entity <N> in library <work> (architecture <N_arch>).

Analyzing hierarchy for entity <NAO> in library <work> (architecture <NAO_arch>).


=========================================================================
*                            HDL Analysis                               *
=========================================================================
Analyzing Entity <TriggerScheme> in library <work> (Architecture <SchemeArch>).
Entity <TriggerScheme> analyzed. Unit <TriggerScheme> generated.

Analyzing Entity <NOAA> in library <work> (Architecture <NOAA_arch>).
Entity <NOAA> analyzed. Unit <NOAA> generated.

Analyzing Entity <N> in library <work> (Architecture <N_arch>).
Entity <N> analyzed. Unit <N> generated.

Analyzing Entity <NAO> in library <work> (Architecture <NAO_arch>).
Entity <NAO> analyzed. Unit <NAO> generated.


=========================================================================
*                           HDL Synthesis                               *
=========================================================================

Performing bidirectional port resolution...

Synthesizing Unit <NOAA>.
    Related source file is "C:/Users/vadim/Documents/University/pcsyaoa/lab4/trigger/lib/one_file.vhd".
Unit <NOAA> synthesized.


Synthesizing Unit <N>.
    Related source file is "C:/Users/vadim/Documents/University/pcsyaoa/lab4/trigger/lib/one_file.vhd".
Unit <N> synthesized.


Synthesizing Unit <NAO>.
    Related source file is "C:/Users/vadim/Documents/University/pcsyaoa/lab4/trigger/lib/one_file.vhd".
Unit <NAO> synthesized.


Synthesizing Unit <TriggerScheme>.
    Related source file is "C:/Users/vadim/Documents/University/pcsyaoa/lab4/trigger/lib/one_file.vhd".
WARNING:Xst:1780 - Signal <x<7:6>> is never used or assigned. This unconnected signal will be trimmed during the optimization process.
Unit <TriggerScheme> synthesized.


=========================================================================
HDL Synthesis Report

Found no macro
=========================================================================

=========================================================================
*                       Advanced HDL Synthesis                          *
=========================================================================


=========================================================================
Advanced HDL Synthesis Report

Found no macro
=========================================================================

=========================================================================
*                         Low Level Synthesis                           *
=========================================================================
WARNING:Xst:2170 - Unit TriggerScheme : the following signal(s) form a combinatorial loop: X9/y_or0000.
WARNING:Xst:2170 - Unit TriggerScheme : the following signal(s) form a combinatorial loop: X2/y_or0000.

Optimizing unit <TriggerScheme> ...

Mapping all equations...
Building and optimizing final netlist ...
Found area constraint ratio of 100 (+ 5) on block TriggerScheme, actual ratio is 0.

Final Macro Processing ...

=========================================================================
Final Register Report

Found no macro
=========================================================================

=========================================================================
*                           Partition Report                            *
=========================================================================

Partition Implementation Status
-------------------------------

  No Partitions were found in this design.

-------------------------------

=========================================================================
*                            Final Report                               *
=========================================================================
Final Results
RTL Top Level Output File Name     : TriggerScheme.ngr
Top Level Output File Name         : TriggerScheme
Output Format                      : NGC
Optimization Goal                  : Speed
Keep Hierarchy                     : No

Design Statistics
# IOs                              : 4

Cell Usage :
# BELS                             : 7
#      LUT3                        : 2
#      LUT4                        : 3
#      MUXF5                       : 2
# IO Buffers                       : 4
#      IBUF                        : 3
#      OBUF                        : 1
=========================================================================

Device utilization summary:
---------------------------

Selected Device : 3s50pq208-5 

 Number of Slices:                        3  out of    768     0%  
 Number of 4 input LUTs:                  5  out of   1536     0%  
 Number of IOs:                           4
 Number of bonded IOBs:                   4  out of    124     3%  

---------------------------
Partition Resource Summary:
---------------------------

  No Partitions were found in this design.

---------------------------


=========================================================================
TIMING REPORT

NOTE: THESE TIMING NUMBERS ARE ONLY A SYNTHESIS ESTIMATE.
      FOR ACCURATE TIMING INFORMATION PLEASE REFER TO THE TRACE REPORT
      GENERATED AFTER PLACE-and-ROUTE.

Clock Information:
------------------
No clock signals found in this design

Asynchronous Control Signals Information:
----------------------------------------
No asynchronous control signals found in this design

Timing Summary:
---------------
Speed Grade: -5

   Minimum period: No path found
   Minimum input arrival time before clock: No path found
   Maximum output required time after clock: No path found
   Maximum combinational path delay: 10.890ns

Timing Detail:
--------------
All values displayed in nanoseconds (ns)

=========================================================================
Timing constraint: Default path analysis
  Total number of paths / destination ports: 13 / 1
-------------------------------------------------------------------------
Delay:               10.890ns (Levels of Logic = 6)
  Source:            C (PAD)
  Destination:       Q (PAD)

  Data Path: C to Q
                                Gate     Net
    Cell:in->out      fanout   Delay   Delay  Logical Name (Net Name)
    ----------------------------------------  ------------
     IBUF:I->O             4   0.715   1.074  C_IBUF (C_IBUF)
     LUT4:I0->O            1   0.479   0.000  X9/y_or00001 (X9/y_or00001)
     MUXF5:I1->O           2   0.314   0.745  X9/y_or0000_f5 (X9/y_or0000)
     MUXF5:S->O            5   0.540   0.953  X2/y_or0000_f5 (X2/y_or0000)
     LUT3:I1->O            1   0.479   0.681  X6/y1 (Q_OBUF)
     OBUF:I->O                 4.909          Q_OBUF (Q)
    ----------------------------------------
    Total                     10.890ns (7.436ns logic, 3.454ns route)
                                       (68.3% logic, 31.7% route)

=========================================================================


Total REAL time to Xst completion: 4.00 secs
Total CPU time to Xst completion: 3.97 secs
 
--> 

Total memory usage is 4505708 kilobytes

Number of errors   :    0 (   0 filtered)
Number of warnings :    3 (   0 filtered)
Number of infos    :    0 (   0 filtered)

