Running: C:\Xilinx\14.7\ISE_DS\ISE\bin\nt64\unwrapped\fuse.exe -intstyle ise -incremental -o C:/Users/vadim/Documents/University/pcsyaoa/course/synth/MatrixTest_isim_beh.exe -prj C:/Users/vadim/Documents/University/pcsyaoa/course/synth/MatrixTest_beh.prj work.MatrixTest 
ISim P.20131013 (signature 0x7708f090)
Number of CPUs detected in this system: 8
Turning on mult-threading, number of parallel sub-compilation jobs: 16 
Determining compilation order of HDL files
Parsing VHDL file "C:/Users/vadim/Documents/University/pcsyaoa/course/synth/../lib/0_utils.vhd" into library work
Parsing VHDL file "C:/Users/vadim/Documents/University/pcsyaoa/course/synth/../lib/2_elements.vhd" into library work
Parsing VHDL file "C:/Users/vadim/Documents/University/pcsyaoa/course/synth/../lib/1_matrix.vhd" into library work
Parsing VHDL file "C:/Users/vadim/Documents/University/pcsyaoa/course/synth/../lib/3_matrix_mul_gen.vhd" into library work
Parsing VHDL file "C:/Users/vadim/Documents/University/pcsyaoa/course/synth/../lib/5_test.vhd" into library work
Starting static elaboration
Completed static elaboration
Compiling package standard
Compiling package std_logic_1164
Compiling package numeric_std
Compiling package textio
Compiling package utils_package
Compiling package matrix_package
Compiling package math_real
Compiling package processors_package
Compiling architecture matrixprocarch of entity MatrixProc [\MatrixProc(true,true)\]
Compiling architecture matrixprocarch of entity MatrixProc [\MatrixProc(false,true)\]
Compiling architecture matrixprocarch of entity MatrixProc [\MatrixProc(true,false)\]
Compiling architecture matrixprocarch of entity MatrixProc [\MatrixProc(false,false)\]
Compiling architecture matrixmulgenarch of entity MatrixMulGen [\MatrixMulGen(4)\]
Compiling architecture matrixtestarch of entity matrixtest
Time Resolution for simulation is 1ps.
Waiting for 1 sub-compilation(s) to finish...
Compiled 19 VHDL Units
Built simulation executable C:/Users/vadim/Documents/University/pcsyaoa/course/synth/MatrixTest_isim_beh.exe
Fuse Memory Usage: 36520 KB
Fuse CPU Usage: 546 ms
